<?xml version="1.0" encoding="UTF-8"?>
<!-- Generated by org.testng.reporters.JUnitReportReporter -->
<testsuite hostname="LTIN445590" failures="0" tests="2" name="TestRunner.CucumberTestRunnerForTags" time="0.167" errors="0" timestamp="2024-02-24T11:50:27 IST" skipped="0">
  <testcase classname="TestRunner.CucumberTestRunnerForTags" name="runScenario" time="0.159"/>
  <testcase classname="TestRunner.CucumberTestRunnerForTags" name="runScenario" time="0.008"/>
</testsuite> <!-- TestRunner.CucumberTestRunnerForTags -->
