<?xml version="1.0" encoding="UTF-8"?>
<!-- Generated by org.testng.reporters.JUnitReportReporter -->
<testsuite hostname="LTIN445590" failures="0" tests="3" name="TestRunner.CucumberTestRunner" time="101.699" errors="0" timestamp="2024-02-24T16:20:54 IST" skipped="0">
  <testcase classname="TestRunner.CucumberTestRunner" name="runScenario" time="35.296"/>
  <testcase classname="TestRunner.CucumberTestRunner" name="runScenario" time="32.902"/>
  <testcase classname="TestRunner.CucumberTestRunner" name="runScenario" time="33.501"/>
</testsuite> <!-- TestRunner.CucumberTestRunner -->
