<?xml version="1.0" encoding="UTF-8"?>
<!-- Generated by org.testng.reporters.JUnitReportReporter -->
<testsuite hostname="LTIN445590" failures="0" tests="3" name="TestRunner.CucumberTestRunner" time="137.607" errors="0" timestamp="2024-02-24T16:24:59 IST" skipped="0">
  <testcase classname="TestRunner.CucumberTestRunner" name="runScenario" time="48.645"/>
  <testcase classname="TestRunner.CucumberTestRunner" name="runScenario" time="47.535"/>
  <testcase classname="TestRunner.CucumberTestRunner" name="runScenario" time="41.427"/>
</testsuite> <!-- TestRunner.CucumberTestRunner -->
